#
# There is insufficient memory for the Java Runtime Environment to continue.
# Native memory allocation (mmap) failed to map 268435456 bytes for Failed to commit area from 0x0000000701200000 to 0x0000000711200000 of length 268435456.
# Possible reasons:
#   The system is out of physical RAM or swap space
#   The process is running with CompressedOops enabled, and the Java Heap may be blocking the growth of the native heap
# Possible solutions:
#   Reduce memory load on the system
#   Increase physical memory or swap space
#   Check if swap backing store is full
#   Decrease Java heap size (-Xmx/-Xms)
#   Decrease number of Java threads
#   Decrease Java thread stack sizes (-Xss)
#   Set larger code cache with -XX:ReservedCodeCacheSize=
# This output file may be truncated or incomplete.
#
#  Out of Memory Error (./src/hotspot/os/windows/os_windows.cpp:3387), pid=19616, tid=6860
#
# JRE version:  (11.0.14.1+1) (build )
# Java VM: OpenJDK 64-Bit Server VM (11.0.14.1+1, mixed mode, sharing, tiered, compressed oops, g1 gc, windows-amd64)
# No core dump will be written. Minidumps are not enabled by default on client versions of Windows
#

---------------  S U M M A R Y ------------

Command Line: -Dfile.encoding=UTF-8 

Host: AMD Ryzen 5 3600 6-Core Processor              , 12 cores, 15G,  Windows 11 , 64 bit Build 22621 (10.0.22621.2215)
Time: Sun Sep  3 17:07:21 2023 RTZ 2 (зима) elapsed time: 0.008389 seconds (0d 0h 0m 0s)

---------------  T H R E A D  ---------------

Current thread (0x00000280dff6a800):  JavaThread "Unknown thread" [_thread_in_vm, id=6860, stack(0x0000008dd3a00000,0x0000008dd3b00000)]

Stack: [0x0000008dd3a00000,0x0000008dd3b00000]
Native frames: (J=compiled Java code, j=interpreted, Vv=VM code, C=native code)
V  [jvm.dll+0x61e59a]
V  [jvm.dll+0x7aaca9]
V  [jvm.dll+0x7ac398]
V  [jvm.dll+0x7aca73]
V  [jvm.dll+0x24f9b8]
V  [jvm.dll+0x61b83a]
V  [jvm.dll+0x6100c5]
V  [jvm.dll+0x30772c]
V  [jvm.dll+0x3075b2]
V  [jvm.dll+0x30c2d6]
V  [jvm.dll+0x35272f]
V  [jvm.dll+0x352160]
V  [jvm.dll+0x2e4728]
V  [jvm.dll+0x2e5886]
V  [jvm.dll+0x784b07]
V  [jvm.dll+0x78628f]
V  [jvm.dll+0x35f479]
V  [jvm.dll+0x767aa0]
V  [jvm.dll+0x3ccf1f]
V  [jvm.dll+0x3cf2b1]
C  [jli.dll+0x5207]
C  [ucrtbase.dll+0x29363]
C  [KERNEL32.DLL+0x1257d]
C  [ntdll.dll+0x5aa68]


---------------  P R O C E S S  ---------------

Threads class SMR info:
_java_thread_list=0x00000280ddc653e0, length=0, elements={
}

Java Threads: ( => current thread )

Other Threads:
  0x00000280dff81000 GCTaskThread "GC Thread#0" [stack: 0x0000008dd3b00000,0x0000008dd3c00000] [id=14528]
  0x00000280dffe1000 ConcurrentGCThread "G1 Main Marker" [stack: 0x0000008dd3c00000,0x0000008dd3d00000] [id=3628]
  0x00000280dffe2800 ConcurrentGCThread "G1 Conc#0" [stack: 0x0000008dd3d00000,0x0000008dd3e00000] [id=8324]

[error occurred during error reporting (printing all threads), id 0xc0000005, EXCEPTION_ACCESS_VIOLATION (0xc0000005) at pc=0x00007ffbe8c83ef7]

VM state:not at safepoint (not fully initialized)

VM Mutex/Monitor currently owned by a thread:  ([mutex/lock_event])
[0x00000280dff663a0] Heap_lock - owner thread: 0x00000280dff6a800

Heap address: 0x0000000701200000, size: 4078 MB, Compressed Oops mode: Non-zero based: 0x0000000701200000
Narrow klass base: 0x0000000000000000, Narrow klass shift: 0

GC Heap History (0 events):
No events

Deoptimization events (0 events):
No events

Classes redefined (0 events):
No events

Internal exceptions (0 events):
No events

Events (1 events):
Event: 0.005 Loaded shared library E:\Unity\Hub\Editor\2022.3.7f1\Editor\Data\PlaybackEngines\AndroidPlayer\OpenJDK\bin\zip.dll


Dynamic libraries:
0x00007ff7d3230000 - 0x00007ff7d323d000 	E:\Unity\Hub\Editor\2022.3.7f1\Editor\Data\PlaybackEngines\AndroidPlayer\OpenJDK\bin\java.exe
0x00007ffc68850000 - 0x00007ffc68a64000 	C:\Windows\SYSTEM32\ntdll.dll
0x00007ffc66730000 - 0x00007ffc667f4000 	C:\Windows\System32\KERNEL32.DLL
0x00007ffc65d20000 - 0x00007ffc660c4000 	C:\Windows\System32\KERNELBASE.dll
0x00007ffc664c0000 - 0x00007ffc665d1000 	C:\Windows\System32\ucrtbase.dll
0x00007ffc515d0000 - 0x00007ffc515e7000 	E:\Unity\Hub\Editor\2022.3.7f1\Editor\Data\PlaybackEngines\AndroidPlayer\OpenJDK\bin\jli.dll
0x00007ffc55ef0000 - 0x00007ffc55f05000 	E:\Unity\Hub\Editor\2022.3.7f1\Editor\Data\PlaybackEngines\AndroidPlayer\OpenJDK\bin\VCRUNTIME140.dll
0x00007ffc68520000 - 0x00007ffc686ce000 	C:\Windows\System32\USER32.dll
0x00007ffc50240000 - 0x00007ffc504d3000 	C:\Windows\WinSxS\amd64_microsoft.windows.common-controls_6595b64144ccf1df_6.0.22621.2215_none_270d72677387dfc3\COMCTL32.dll
0x00007ffc660d0000 - 0x00007ffc660f6000 	C:\Windows\System32\win32u.dll
0x00007ffc66d60000 - 0x00007ffc66e07000 	C:\Windows\System32\msvcrt.dll
0x00007ffc67910000 - 0x00007ffc67939000 	C:\Windows\System32\GDI32.dll
0x00007ffc65c00000 - 0x00007ffc65d18000 	C:\Windows\System32\gdi32full.dll
0x00007ffc66170000 - 0x00007ffc6620a000 	C:\Windows\System32\msvcp_win.dll
0x00007ffc669f0000 - 0x00007ffc66a21000 	C:\Windows\System32\IMM32.DLL
0x00007ffc51530000 - 0x00007ffc515cb000 	E:\Unity\Hub\Editor\2022.3.7f1\Editor\Data\PlaybackEngines\AndroidPlayer\OpenJDK\bin\msvcp140.dll
0x00007ffbe8990000 - 0x00007ffbe9511000 	E:\Unity\Hub\Editor\2022.3.7f1\Editor\Data\PlaybackEngines\AndroidPlayer\OpenJDK\bin\server\jvm.dll
0x00007ffc674a0000 - 0x00007ffc67550000 	C:\Windows\System32\ADVAPI32.dll
0x00007ffc66930000 - 0x00007ffc669d6000 	C:\Windows\System32\sechost.dll
0x00007ffc66810000 - 0x00007ffc66927000 	C:\Windows\System32\RPCRT4.dll
0x00007ffc66d50000 - 0x00007ffc66d58000 	C:\Windows\System32\PSAPI.DLL
0x00007ffc39d80000 - 0x00007ffc39d89000 	C:\Windows\SYSTEM32\WSOCK32.dll
0x00007ffc5b370000 - 0x00007ffc5b3a4000 	C:\Windows\SYSTEM32\WINMM.dll
0x00007ffc5b3b0000 - 0x00007ffc5b3ba000 	C:\Windows\SYSTEM32\VERSION.dll
0x00007ffc676d0000 - 0x00007ffc67741000 	C:\Windows\System32\WS2_32.dll
0x00007ffc64bc0000 - 0x00007ffc64bd8000 	C:\Windows\SYSTEM32\kernel.appcore.dll
0x00007ffc629f0000 - 0x00007ffc62a00000 	E:\Unity\Hub\Editor\2022.3.7f1\Editor\Data\PlaybackEngines\AndroidPlayer\OpenJDK\bin\verify.dll
0x00007ffc63650000 - 0x00007ffc6387e000 	C:\Windows\SYSTEM32\DBGHELP.DLL
0x00007ffc67960000 - 0x00007ffc67cea000 	C:\Windows\System32\combase.dll
0x00007ffc68730000 - 0x00007ffc68807000 	C:\Windows\System32\OLEAUT32.dll
0x00007ffc49ed0000 - 0x00007ffc49f02000 	C:\Windows\SYSTEM32\dbgcore.DLL
0x00007ffc66210000 - 0x00007ffc6628a000 	C:\Windows\System32\bcryptPrimitives.dll
0x00007ffc51500000 - 0x00007ffc51528000 	E:\Unity\Hub\Editor\2022.3.7f1\Editor\Data\PlaybackEngines\AndroidPlayer\OpenJDK\bin\java.dll
0x00007ffc566b0000 - 0x00007ffc566ba000 	E:\Unity\Hub\Editor\2022.3.7f1\Editor\Data\PlaybackEngines\AndroidPlayer\OpenJDK\bin\jimage.dll
0x00007ffc514e0000 - 0x00007ffc514f8000 	E:\Unity\Hub\Editor\2022.3.7f1\Editor\Data\PlaybackEngines\AndroidPlayer\OpenJDK\bin\zip.dll

dbghelp: loaded successfully - version: 4.0.5 - missing functions: none
symbol engine: initialized successfully - sym options: 0x614 - pdb path: .;E:\Unity\Hub\Editor\2022.3.7f1\Editor\Data\PlaybackEngines\AndroidPlayer\OpenJDK\bin;C:\Windows\SYSTEM32;C:\Windows\WinSxS\amd64_microsoft.windows.common-controls_6595b64144ccf1df_6.0.22621.2215_none_270d72677387dfc3;E:\Unity\Hub\Editor\2022.3.7f1\Editor\Data\PlaybackEngines\AndroidPlayer\OpenJDK\bin\server

VM Arguments:
jvm_args: -Dfile.encoding=UTF-8 
java_command: <unknown>
java_class_path (initial): <not set>
Launcher Type: SUN_STANDARD

[Global flags]
     intx CICompilerCount                          = 4                                         {product} {ergonomic}
     uint ConcGCThreads                            = 3                                         {product} {ergonomic}
     uint G1ConcRefinementThreads                  = 10                                        {product} {ergonomic}
   size_t G1HeapRegionSize                         = 1048576                                   {product} {ergonomic}
    uintx GCDrainStackTargetSize                   = 64                                        {product} {ergonomic}
   size_t InitialHeapSize                          = 268435456                                 {product} {ergonomic}
   size_t MarkStackSize                            = 4194304                                   {product} {ergonomic}
   size_t MaxHeapSize                              = 4276092928                                {product} {ergonomic}
   size_t MinHeapDeltaBytes                        = 1048576                                   {product} {ergonomic}
    uintx NonNMethodCodeHeapSize                   = 5836300                                {pd product} {ergonomic}
    uintx NonProfiledCodeHeapSize                  = 122910970                              {pd product} {ergonomic}
    uintx ProfiledCodeHeapSize                     = 122910970                              {pd product} {ergonomic}
    uintx ReservedCodeCacheSize                    = 251658240                              {pd product} {ergonomic}
     bool SegmentedCodeCache                       = true                                      {product} {ergonomic}
     bool UseCompressedClassPointers               = true                                 {lp64_product} {ergonomic}
     bool UseCompressedOops                        = true                                 {lp64_product} {ergonomic}
     bool UseG1GC                                  = true                                      {product} {ergonomic}
     bool UseLargePagesIndividualAllocation        = false                                  {pd product} {ergonomic}

Logging:
Log output configuration:
 #0: stdout all=warning uptime,level,tags
 #1: stderr all=off uptime,level,tags

Environment Variables:
JAVA_HOME=E:\Unity\Hub\Editor\2022.3.7f1\Editor\Data\PlaybackEngines\AndroidPlayer\OpenJDK
JAVA_TOOL_OPTIONS=-Dfile.encoding=UTF-8
PATH=C:\Program Files\Microsoft\jdk-11.0.16.101-hotspot\bin;C:\Program Files\Common Files\Oracle\Java\javapath;C:\Program Files (x86)\Microsoft SDKs\Azure\CLI2\wbin;C:\ProgramData\Oracle\Java\javapath;C:\Windows\system32;C:\Windows;C:\Windows\System32\Wbem;C:\Windows\System32\WindowsPowerShell\v1.0\;C:\Windows\System32\OpenSSH\;C:\Program Files\dotnet\;C:\Program Files\nodejs\;C:\Program Files (x86)\Microsoft SQL Server\160\Tools\Binn\;C:\Program Files\Microsoft SQL Server\160\Tools\Binn\;C:\Program Files\Microsoft SQL Server\Client SDK\ODBC\170\Tools\Binn\;C:\Program Files\Microsoft SQL Server\160\DTS\Binn\;C:\Program Files (x86)\Microsoft SQL Server\160\DTS\Binn\;C:\Program Files\Azure Data Studio\bin;C:\Program Files\Microsoft SQL Server\150\Tools\Binn\;C:\Program Files\Git\cmd;C:\Users\delhi\AppData\Local\Programs\Python\Python311\Scripts\;C:\Users\delhi\AppData\Local\Programs\Python\Python311\;C:\Users\delhi\AppData\Local\Microsoft\WindowsApps;C:\Users\delhi\.dotnet\tools;C:\Users\delhi\AppData\Local\GitHubDesktop\bin;C:\Users\delhi\AppData\Local\Programs\Microsoft VS Code\bin;C:\Users\delhi\AppData\Roaming\npm;C:\Program Files\Azure Data Studio\bin
USERNAME=delhi
OS=Windows_NT
PROCESSOR_IDENTIFIER=AMD64 Family 23 Model 113 Stepping 0, AuthenticAMD



---------------  S Y S T E M  ---------------

OS: Windows 11 , 64 bit Build 22621 (10.0.22621.2215)
OS uptime: 2 days 17:30 hours
Hyper-V role detected

CPU:total 12 (initial active 12) (12 cores per cpu, 2 threads per core) family 23 model 113 stepping 0 microcode 0x0, cmov, cx8, fxsr, mmx, sse, sse2, sse3, ssse3, sse4.1, sse4.2, popcnt, avx, avx2, aes, clmul, mmxext, 3dnowpref, lzcnt, sse4a, ht, tsc, tscinvbit, tscinv, bmi1, bmi2, adx, sha, fma

Memory: 4k page, system-wide physical 16309M (2413M free)
TotalPageFile size 21309M (AvailPageFile size 33M)
current process WorkingSet (physical memory assigned to process): 11M, peak: 11M
current process commit charge ("private bytes"): 65M, peak: 320M

vm_info: OpenJDK 64-Bit Server VM (11.0.14.1+1) for windows-amd64 JRE (11.0.14.1+1), built on Feb  9 2022 01:48:27 by "" with unknown MS VC++:1916

END.
